<?xml version="1.0" encoding="UTF-8"?>
<!-- Generated by org.testng.reporters.JUnitReportReporter -->
<testsuite hostname="ASCINLAP61481" failures="0" tests="4" name="Pac1.TC009_Priority" time="0.017" errors="0" timestamp="2025-10-15T11:46:39 IST" skipped="0">
  <testcase classname="Pac1.TC009_Priority" name="zohotest" time="0.010"/>
  <system-out/>
  <testcase classname="Pac1.TC009_Priority" name="amazontest" time="0.001"/>
  <system-out/>
  <testcase classname="Pac1.TC009_Priority" name="yahootest" time="0.004"/>
  <system-out/>
  <testcase classname="Pac1.TC009_Priority" name="aaaa" time="0.002"/>
  <system-out/>
</testsuite> <!-- Pac1.TC009_Priority -->
