<?xml version="1.0" encoding="UTF-8"?>
<!-- Generated by org.testng.reporters.JUnitReportReporter -->
<testsuite hostname="ASCINLAP61481" failures="0" tests="2" name="Pac1.Lab9_Test" time="55.041" errors="0" timestamp="2025-10-17T10:09:11 IST" skipped="0">
  <testcase classname="Pac1.Lab9_Test" name="testOnEdge" time="27.821"/>
  <system-out/>
  <testcase classname="Pac1.Lab9_Test" name="testOnChrome" time="27.220"/>
  <system-out/>
</testsuite> <!-- Pac1.Lab9_Test -->
